# JRE version: OpenJDK Runtime Environment (8.0_152-b01) (build 1.8.0_152-release-1343-b01)
# Java VM: OpenJDK 64-Bit Server VM (25.152-b01 mixed mode windows-amd64 compressed oops)
Heap:
 PSYoungGen      total 130048K, used 49481K [0x00000000e0000000, 0x00000000eac80000, 0x0000000100000000)
  eden space 116224K, 42% used [0x00000000e0000000,0x00000000e3052528,0x00000000e7180000)
  from space 13824K, 0% used [0x00000000e7180000,0x00000000e7180000,0x00000000e7f00000)
  to   space 14848K, 0% used [0x00000000e9e00000,0x00000000e9e00000,0x00000000eac80000)
 ParOldGen       total 120832K, used 32591K [0x00000000a0000000, 0x00000000a7600000, 0x00000000e0000000)
  object space 120832K, 26% used [0x00000000a0000000,0x00000000a1fd3cc0,0x00000000a7600000)
 Metaspace       used 59920K, capacity 61756K, committed 61848K, reserved 1101824K
  class space    used 8137K, capacity 8540K, committed 8616K, reserved 1048576K
GC Heap History (10 events):
Event: 11.519 GC heap before
{Heap before GC invocations=12 (full 2):
 PSYoungGen      total 101376K, used 8160K [0x00000000e0000000, 0x00000000e8980000, 0x0000000100000000)
  eden space 93184K, 0% used [0x00000000e0000000,0x00000000e0000000,0x00000000e5b00000)
  from space 8192K, 99% used [0x00000000e6600000,0x00000000e6df8010,0x00000000e6e00000)
  to   space 11264K, 0% used [0x00000000e5b00000,0x00000000e5b00000,0x00000000e6600000)
 ParOldGen       total 49664K, used 13135K [0x00000000a0000000, 0x00000000a3080000, 0x00000000e0000000)
  object space 49664K, 26% used [0x00000000a0000000,0x00000000a0cd3e90,0x00000000a3080000)
 Metaspace       used 34641K, capacity 35374K, committed 35496K, reserved 1079296K
  class space    used 4784K, capacity 5011K, committed 5032K, reserved 1048576K
Event: 11.620 GC heap after
Heap after GC invocations=12 (full 2):
 PSYoungGen      total 101376K, used 0K [0x00000000e0000000, 0x00000000e8980000, 0x0000000100000000)
  eden space 93184K, 0% used [0x00000000e0000000,0x00000000e0000000,0x00000000e5b00000)
  from space 8192K, 0% used [0x00000000e6600000,0x00000000e6600000,0x00000000e6e00000)
  to   space 11264K, 0% used [0x00000000e5b00000,0x00000000e5b00000,0x00000000e6600000)
 ParOldGen       total 80896K, used 18429K [0x00000000a0000000, 0x00000000a4f00000, 0x00000000e0000000)
  object space 80896K, 22% used [0x00000000a0000000,0x00000000a11ff710,0x00000000a4f00000)
 Metaspace       used 34628K, capacity 35332K, committed 35496K, reserved 1079296K
  class space    used 4780K, capacity 5004K, committed 5032K, reserved 1048576K
}
Event: 13.470 GC heap before
{Heap before GC invocations=13 (full 2):
 PSYoungGen      total 101376K, used 93184K [0x00000000e0000000, 0x00000000e8980000, 0x0000000100000000)
  eden space 93184K, 100% used [0x00000000e0000000,0x00000000e5b00000,0x00000000e5b00000)
  from space 8192K, 0% used [0x00000000e6600000,0x00000000e6600000,0x00000000e6e00000)
  to   space 11264K, 0% used [0x00000000e5b00000,0x00000000e5b00000,0x00000000e6600000)
 ParOldGen       total 80896K, used 18429K [0x00000000a0000000, 0x00000000a4f00000, 0x00000000e0000000)
  object space 80896K, 22% used [0x00000000a0000000,0x00000000a11ff710,0x00000000a4f00000)
 Metaspace       used 44465K, capacity 45466K, committed 45736K, reserved 1089536K
  class space    used 5979K, capacity 6277K, committed 6312K, reserved 1048576K
Event: 13.491 GC heap after
Heap after GC invocations=13 (full 2):
 PSYoungGen      total 104448K, used 11257K [0x00000000e0000000, 0x00000000e8c80000, 0x0000000100000000)
  eden space 93184K, 0% used [0x00000000e0000000,0x00000000e0000000,0x00000000e5b00000)
  from space 11264K, 99% used [0x00000000e5b00000,0x00000000e65fe750,0x00000000e6600000)
  to   space 13824K, 0% used [0x00000000e7f00000,0x00000000e7f00000,0x00000000e8c80000)
 ParOldGen       total 80896K, used 21030K [0x00000000a0000000, 0x00000000a4f00000, 0x00000000e0000000)
  object space 80896K, 25% used [0x00000000a0000000,0x00000000a1489bf8,0x00000000a4f00000)
 Metaspace       used 44465K, capacity 45466K, committed 45736K, reserved 1089536K
  class space    used 5979K, capacity 6277K, committed 6312K, reserved 1048576K
}
Event: 15.178 GC heap before
{Heap before GC invocations=14 (full 2):
 PSYoungGen      total 104448K, used 104441K [0x00000000e0000000, 0x00000000e8c80000, 0x0000000100000000)
  eden space 93184K, 100% used [0x00000000e0000000,0x00000000e5b00000,0x00000000e5b00000)
  from space 11264K, 99% used [0x00000000e5b00000,0x00000000e65fe750,0x00000000e6600000)
  to   space 13824K, 0% used [0x00000000e7f00000,0x00000000e7f00000,0x00000000e8c80000)
 ParOldGen       total 80896K, used 21030K [0x00000000a0000000, 0x00000000a4f00000, 0x00000000e0000000)
  object space 80896K, 25% used [0x00000000a0000000,0x00000000a1489bf8,0x00000000a4f00000)
 Metaspace       used 52057K, capacity 53350K, committed 53416K, reserved 1095680K
  class space    used 6965K, capacity 7324K, committed 7336K, reserved 1048576K
Event: 15.201 GC heap after
Heap after GC invocations=14 (full 2):
 PSYoungGen      total 130048K, used 8475K [0x00000000e0000000, 0x00000000e8c80000, 0x0000000100000000)
  eden space 116224K, 0% used [0x00000000e0000000,0x00000000e0000000,0x00000000e7180000)
  from space 13824K, 61% used [0x00000000e7f00000,0x00000000e8746f80,0x00000000e8c80000)
  to   space 13824K, 0% used [0x00000000e7180000,0x00000000e7180000,0x00000000e7f00000)
 ParOldGen       total 80896K, used 26785K [0x00000000a0000000, 0x00000000a4f00000, 0x00000000e0000000)
  object space 80896K, 33% used [0x00000000a0000000,0x00000000a1a28430,0x00000000a4f00000)
 Metaspace       used 52057K, capacity 53350K, committed 53416K, reserved 1095680K
  class space    used 6965K, capacity 7324K, committed 7336K, reserved 1048576K
}
Event: 16.184 GC heap before
{Heap before GC invocations=15 (full 2):
 PSYoungGen      total 130048K, used 73269K [0x00000000e0000000, 0x00000000e8c80000, 0x0000000100000000)
  eden space 116224K, 55% used [0x00000000e0000000,0x00000000e3f46590,0x00000000e7180000)
  from space 13824K, 61% used [0x00000000e7f00000,0x00000000e8746f80,0x00000000e8c80000)
  to   space 13824K, 0% used [0x00000000e7180000,0x00000000e7180000,0x00000000e7f00000)
 ParOldGen       total 80896K, used 26785K [0x00000000a0000000, 0x00000000a4f00000, 0x00000000e0000000)
  object space 80896K, 33% used [0x00000000a0000000,0x00000000a1a28430,0x00000000a4f00000)
 Metaspace       used 57452K, capacity 59098K, committed 59160K, reserved 1099776K
  class space    used 7748K, capacity 8174K, committed 8232K, reserved 1048576K
Event: 16.205 GC heap after
Heap after GC invocations=15 (full 2):
 PSYoungGen      total 130048K, used 12029K [0x00000000e0000000, 0x00000000eac80000, 0x0000000100000000)
  eden space 116224K, 0% used [0x00000000e0000000,0x00000000e0000000,0x00000000e7180000)
  from space 13824K, 87% used [0x00000000e7180000,0x00000000e7d3f588,0x00000000e7f00000)
  to   space 14848K, 0% used [0x00000000e9e00000,0x00000000e9e00000,0x00000000eac80000)
 ParOldGen       total 80896K, used 26793K [0x00000000a0000000, 0x00000000a4f00000, 0x00000000e0000000)
  object space 80896K, 33% used [0x00000000a0000000,0x00000000a1a2a430,0x00000000a4f00000)
 Metaspace       used 57452K, capacity 59098K, committed 59160K, reserved 1099776K
  class space    used 7748K, capacity 8174K, committed 8232K, reserved 1048576K
}
Event: 16.205 GC heap before
{Heap before GC invocations=16 (full 3):
 PSYoungGen      total 130048K, used 12029K [0x00000000e0000000, 0x00000000eac80000, 0x0000000100000000)
  eden space 116224K, 0% used [0x00000000e0000000,0x00000000e0000000,0x00000000e7180000)
  from space 13824K, 87% used [0x00000000e7180000,0x00000000e7d3f588,0x00000000e7f00000)
  to   space 14848K, 0% used [0x00000000e9e00000,0x00000000e9e00000,0x00000000eac80000)
 ParOldGen       total 80896K, used 26793K [0x00000000a0000000, 0x00000000a4f00000, 0x00000000e0000000)
  object space 80896K, 33% used [0x00000000a0000000,0x00000000a1a2a430,0x00000000a4f00000)
 Metaspace       used 57452K, capacity 59098K, committed 59160K, reserved 1099776K
  class space    used 7748K, capacity 8174K, committed 8232K, reserved 1048576K
Event: 16.479 GC heap after
Heap after GC invocations=16 (full 3):
 PSYoungGen      total 130048K, used 0K [0x00000000e0000000, 0x00000000eac80000, 0x0000000100000000)
  eden space 116224K, 0% used [0x00000000e0000000,0x00000000e0000000,0x00000000e7180000)
  from space 13824K, 0% used [0x00000000e7180000,0x00000000e7180000,0x00000000e7f00000)
  to   space 14848K, 0% used [0x00000000e9e00000,0x00000000e9e00000,0x00000000eac80000)
 ParOldGen       total 120832K, used 32591K [0x00000000a0000000, 0x00000000a7600000, 0x00000000e0000000)
  object space 120832K, 26% used [0x00000000a0000000,0x00000000a1fd3cc0,0x00000000a7600000)
 Metaspace       used 57452K, capacity 59098K, committed 59160K, reserved 1099776K
  class space    used 7748K, capacity 8174K, committed 8232K, reserved 1048576K
}

