# JRE version: OpenJDK Runtime Environment (8.0_152-b01) (build 1.8.0_152-release-1343-b01)
# Java VM: OpenJDK 64-Bit Server VM (25.152-b01 mixed mode windows-amd64 compressed oops)
Heap:
 PSYoungGen      total 219648K, used 198231K [0x00000000e0000000, 0x00000000eef00000, 0x0000000100000000)
  eden space 200192K, 94% used [0x00000000e0000000,0x00000000eb829008,0x00000000ec380000)
  from space 19456K, 49% used [0x00000000ed580000,0x00000000edeeced8,0x00000000ee880000)
  to   space 18432K, 0% used [0x00000000ec380000,0x00000000ec380000,0x00000000ed580000)
 ParOldGen       total 105984K, used 50073K [0x00000000a0000000, 0x00000000a6780000, 0x00000000e0000000)
  object space 105984K, 47% used [0x00000000a0000000,0x00000000a30e6498,0x00000000a6780000)
 Metaspace       used 79980K, capacity 82113K, committed 82196K, reserved 1120256K
  class space    used 10305K, capacity 10776K, committed 10812K, reserved 1048576K
GC Heap History (10 events):
Event: 15.348 GC heap before
{Heap before GC invocations=15 (full 2):
 PSYoungGen      total 154112K, used 45444K [0x00000000e0000000, 0x00000000ea500000, 0x0000000100000000)
  eden space 141312K, 24% used [0x00000000e0000000,0x00000000e2198d78,0x00000000e8a00000)
  from space 12800K, 86% used [0x00000000e9800000,0x00000000ea2c83b0,0x00000000ea480000)
  to   space 13824K, 0% used [0x00000000e8a00000,0x00000000e8a00000,0x00000000e9780000)
 ParOldGen       total 71168K, used 28918K [0x00000000a0000000, 0x00000000a4580000, 0x00000000e0000000)
  object space 71168K, 40% used [0x00000000a0000000,0x00000000a1c3db88,0x00000000a4580000)
 Metaspace       used 57506K, capacity 58907K, committed 59028K, reserved 1099776K
  class space    used 7769K, capacity 8124K, committed 8124K, reserved 1048576K
Event: 15.362 GC heap after
Heap after GC invocations=15 (full 2):
 PSYoungGen      total 155136K, used 7366K [0x00000000e0000000, 0x00000000ec900000, 0x0000000100000000)
  eden space 141312K, 0% used [0x00000000e0000000,0x00000000e0000000,0x00000000e8a00000)
  from space 13824K, 53% used [0x00000000e8a00000,0x00000000e9131a80,0x00000000e9780000)
  to   space 13312K, 0% used [0x00000000ebc00000,0x00000000ebc00000,0x00000000ec900000)
 ParOldGen       total 71168K, used 28926K [0x00000000a0000000, 0x00000000a4580000, 0x00000000e0000000)
  object space 71168K, 40% used [0x00000000a0000000,0x00000000a1c3fb88,0x00000000a4580000)
 Metaspace       used 57506K, capacity 58907K, committed 59028K, reserved 1099776K
  class space    used 7769K, capacity 8124K, committed 8124K, reserved 1048576K
}
Event: 15.362 GC heap before
{Heap before GC invocations=16 (full 3):
 PSYoungGen      total 155136K, used 7366K [0x00000000e0000000, 0x00000000ec900000, 0x0000000100000000)
  eden space 141312K, 0% used [0x00000000e0000000,0x00000000e0000000,0x00000000e8a00000)
  from space 13824K, 53% used [0x00000000e8a00000,0x00000000e9131a80,0x00000000e9780000)
  to   space 13312K, 0% used [0x00000000ebc00000,0x00000000ebc00000,0x00000000ec900000)
 ParOldGen       total 71168K, used 28926K [0x00000000a0000000, 0x00000000a4580000, 0x00000000e0000000)
  object space 71168K, 40% used [0x00000000a0000000,0x00000000a1c3fb88,0x00000000a4580000)
 Metaspace       used 57506K, capacity 58907K, committed 59028K, reserved 1099776K
  class space    used 7769K, capacity 8124K, committed 8124K, reserved 1048576K
Event: 15.711 GC heap after
Heap after GC invocations=16 (full 3):
 PSYoungGen      total 155136K, used 0K [0x00000000e0000000, 0x00000000ec900000, 0x0000000100000000)
  eden space 141312K, 0% used [0x00000000e0000000,0x00000000e0000000,0x00000000e8a00000)
  from space 13824K, 0% used [0x00000000e8a00000,0x00000000e8a00000,0x00000000e9780000)
  to   space 13312K, 0% used [0x00000000ebc00000,0x00000000ebc00000,0x00000000ec900000)
 ParOldGen       total 105984K, used 28378K [0x00000000a0000000, 0x00000000a6780000, 0x00000000e0000000)
  object space 105984K, 26% used [0x00000000a0000000,0x00000000a1bb6960,0x00000000a6780000)
 Metaspace       used 57506K, capacity 58907K, committed 59028K, reserved 1099776K
  class space    used 7769K, capacity 8124K, committed 8124K, reserved 1048576K
}
Event: 21.112 GC heap before
{Heap before GC invocations=17 (full 3):
 PSYoungGen      total 155136K, used 141312K [0x00000000e0000000, 0x00000000ec900000, 0x0000000100000000)
  eden space 141312K, 100% used [0x00000000e0000000,0x00000000e8a00000,0x00000000e8a00000)
  from space 13824K, 0% used [0x00000000e8a00000,0x00000000e8a00000,0x00000000e9780000)
  to   space 13312K, 0% used [0x00000000ebc00000,0x00000000ebc00000,0x00000000ec900000)
 ParOldGen       total 105984K, used 28378K [0x00000000a0000000, 0x00000000a6780000, 0x00000000e0000000)
  object space 105984K, 26% used [0x00000000a0000000,0x00000000a1bb6960,0x00000000a6780000)
 Metaspace       used 61550K, capacity 63273K, committed 63508K, reserved 1103872K
  class space    used 8261K, capacity 8670K, committed 8764K, reserved 1048576K
Event: 21.150 GC heap after
Heap after GC invocations=17 (full 3):
 PSYoungGen      total 180224K, used 13302K [0x00000000e0000000, 0x00000000ec900000, 0x0000000100000000)
  eden space 166912K, 0% used [0x00000000e0000000,0x00000000e0000000,0x00000000ea300000)
  from space 13312K, 99% used [0x00000000ebc00000,0x00000000ec8fda10,0x00000000ec900000)
  to   space 16384K, 0% used [0x00000000ea900000,0x00000000ea900000,0x00000000eb900000)
 ParOldGen       total 105984K, used 32612K [0x00000000a0000000, 0x00000000a6780000, 0x00000000e0000000)
  object space 105984K, 30% used [0x00000000a0000000,0x00000000a1fd9008,0x00000000a6780000)
 Metaspace       used 61550K, capacity 63273K, committed 63508K, reserved 1103872K
  class space    used 8261K, capacity 8670K, committed 8764K, reserved 1048576K
}
Event: 28.324 GC heap before
{Heap before GC invocations=18 (full 3):
 PSYoungGen      total 180224K, used 180214K [0x00000000e0000000, 0x00000000ec900000, 0x0000000100000000)
  eden space 166912K, 100% used [0x00000000e0000000,0x00000000ea300000,0x00000000ea300000)
  from space 13312K, 99% used [0x00000000ebc00000,0x00000000ec8fda10,0x00000000ec900000)
  to   space 16384K, 0% used [0x00000000ea900000,0x00000000ea900000,0x00000000eb900000)
 ParOldGen       total 105984K, used 32612K [0x00000000a0000000, 0x00000000a6780000, 0x00000000e0000000)
  object space 105984K, 30% used [0x00000000a0000000,0x00000000a1fd9008,0x00000000a6780000)
 Metaspace       used 65999K, capacity 67741K, committed 67988K, reserved 1107968K
  class space    used 8707K, capacity 9108K, committed 9148K, reserved 1048576K
Event: 28.468 GC heap after
Heap after GC invocations=18 (full 3):
 PSYoungGen      total 189440K, used 16354K [0x00000000e0000000, 0x00000000ee880000, 0x0000000100000000)
  eden space 173056K, 0% used [0x00000000e0000000,0x00000000e0000000,0x00000000ea900000)
  from space 16384K, 99% used [0x00000000ea900000,0x00000000eb8f8868,0x00000000eb900000)
  to   space 19456K, 0% used [0x00000000ed580000,0x00000000ed580000,0x00000000ee880000)
 ParOldGen       total 105984K, used 34470K [0x00000000a0000000, 0x00000000a6780000, 0x00000000e0000000)
  object space 105984K, 32% used [0x00000000a0000000,0x00000000a21a9af0,0x00000000a6780000)
 Metaspace       used 65999K, capacity 67741K, committed 67988K, reserved 1107968K
  class space    used 8707K, capacity 9108K, committed 9148K, reserved 1048576K
}
Event: 33.114 GC heap before
{Heap before GC invocations=19 (full 3):
 PSYoungGen      total 189440K, used 186183K [0x00000000e0000000, 0x00000000ee880000, 0x0000000100000000)
  eden space 173056K, 98% used [0x00000000e0000000,0x00000000ea5d93a8,0x00000000ea900000)
  from space 16384K, 99% used [0x00000000ea900000,0x00000000eb8f8868,0x00000000eb900000)
  to   space 19456K, 0% used [0x00000000ed580000,0x00000000ed580000,0x00000000ee880000)
 ParOldGen       total 105984K, used 34470K [0x00000000a0000000, 0x00000000a6780000, 0x00000000e0000000)
  object space 105984K, 32% used [0x00000000a0000000,0x00000000a21a9af0,0x00000000a6780000)
 Metaspace       used 69945K, capacity 71697K, committed 71828K, reserved 1112064K
  class space    used 9210K, capacity 9596K, committed 9660K, reserved 1048576K
Event: 33.202 GC heap after
Heap after GC invocations=19 (full 3):
 PSYoungGen      total 219648K, used 9651K [0x00000000e0000000, 0x00000000eef00000, 0x0000000100000000)
  eden space 200192K, 0% used [0x00000000e0000000,0x00000000e0000000,0x00000000ec380000)
  from space 19456K, 49% used [0x00000000ed580000,0x00000000edeeced8,0x00000000ee880000)
  to   space 18432K, 0% used [0x00000000ec380000,0x00000000ec380000,0x00000000ed580000)
 ParOldGen       total 105984K, used 50073K [0x00000000a0000000, 0x00000000a6780000, 0x00000000e0000000)
  object space 105984K, 47% used [0x00000000a0000000,0x00000000a30e6498,0x00000000a6780000)
 Metaspace       used 69945K, capacity 71697K, committed 71828K, reserved 1112064K
  class space    used 9210K, capacity 9596K, committed 9660K, reserved 1048576K
}

