# JRE version: OpenJDK Runtime Environment (8.0_152-b01) (build 1.8.0_152-release-1343-b01)
# Java VM: OpenJDK 64-Bit Server VM (25.152-b01 mixed mode windows-amd64 compressed oops)
Heap:
 PSYoungGen      total 182272K, used 177720K [0x00000000e0000000, 0x00000000ec500000, 0x0000000100000000)
  eden space 170496K, 97% used [0x00000000e0000000,0x00000000ea23bcb0,0x00000000ea680000)
  from space 11776K, 98% used [0x00000000eb980000,0x00000000ec4d24e0,0x00000000ec500000)
  to   space 14336K, 0% used [0x00000000ea900000,0x00000000ea900000,0x00000000eb700000)
 ParOldGen       total 97792K, used 29032K [0x00000000a0000000, 0x00000000a5f80000, 0x00000000e0000000)
  object space 97792K, 29% used [0x00000000a0000000,0x00000000a1c5a3a0,0x00000000a5f80000)
 Metaspace       used 68365K, capacity 70260K, committed 70488K, reserved 1110016K
  class space    used 8808K, capacity 9259K, committed 9344K, reserved 1048576K
GC Heap History (10 events):
Event: 37.766 GC heap before
{Heap before GC invocations=13 (full 2):
 PSYoungGen      total 116736K, used 107008K [0x00000000e0000000, 0x00000000e8d80000, 0x0000000100000000)
  eden space 107008K, 100% used [0x00000000e0000000,0x00000000e6880000,0x00000000e6880000)
  from space 9728K, 0% used [0x00000000e7280000,0x00000000e7280000,0x00000000e7c00000)
  to   space 10240K, 0% used [0x00000000e6880000,0x00000000e6880000,0x00000000e7280000)
 ParOldGen       total 67072K, used 17024K [0x00000000a0000000, 0x00000000a4180000, 0x00000000e0000000)
  object space 67072K, 25% used [0x00000000a0000000,0x00000000a10a0138,0x00000000a4180000)
 Metaspace       used 44486K, capacity 45326K, committed 45656K, reserved 1089536K
  class space    used 5999K, capacity 6218K, committed 6272K, reserved 1048576K
Event: 37.794 GC heap after
Heap after GC invocations=13 (full 2):
 PSYoungGen      total 117248K, used 10239K [0x00000000e0000000, 0x00000000ea380000, 0x0000000100000000)
  eden space 107008K, 0% used [0x00000000e0000000,0x00000000e0000000,0x00000000e6880000)
  from space 10240K, 99% used [0x00000000e6880000,0x00000000e727fef8,0x00000000e7280000)
  to   space 12800K, 0% used [0x00000000e9700000,0x00000000e9700000,0x00000000ea380000)
 ParOldGen       total 67072K, used 20820K [0x00000000a0000000, 0x00000000a4180000, 0x00000000e0000000)
  object space 67072K, 31% used [0x00000000a0000000,0x00000000a1455018,0x00000000a4180000)
 Metaspace       used 44486K, capacity 45326K, committed 45656K, reserved 1089536K
  class space    used 5999K, capacity 6218K, committed 6272K, reserved 1048576K
}
Event: 52.903 GC heap before
{Heap before GC invocations=14 (full 2):
 PSYoungGen      total 117248K, used 117247K [0x00000000e0000000, 0x00000000ea380000, 0x0000000100000000)
  eden space 107008K, 100% used [0x00000000e0000000,0x00000000e6880000,0x00000000e6880000)
  from space 10240K, 99% used [0x00000000e6880000,0x00000000e727fef8,0x00000000e7280000)
  to   space 12800K, 0% used [0x00000000e9700000,0x00000000e9700000,0x00000000ea380000)
 ParOldGen       total 67072K, used 20820K [0x00000000a0000000, 0x00000000a4180000, 0x00000000e0000000)
  object space 67072K, 31% used [0x00000000a0000000,0x00000000a1455018,0x00000000a4180000)
 Metaspace       used 54413K, capacity 55612K, committed 55768K, reserved 1097728K
  class space    used 7294K, capacity 7629K, committed 7680K, reserved 1048576K
Event: 52.939 GC heap after
Heap after GC invocations=14 (full 2):
 PSYoungGen      total 148992K, used 10593K [0x00000000e0000000, 0x00000000ea180000, 0x0000000100000000)
  eden space 138240K, 0% used [0x00000000e0000000,0x00000000e0000000,0x00000000e8700000)
  from space 10752K, 98% used [0x00000000e9700000,0x00000000ea158530,0x00000000ea180000)
  to   space 13312K, 0% used [0x00000000e8780000,0x00000000e8780000,0x00000000e9480000)
 ParOldGen       total 67072K, used 27970K [0x00000000a0000000, 0x00000000a4180000, 0x00000000e0000000)
  object space 67072K, 41% used [0x00000000a0000000,0x00000000a1b508c0,0x00000000a4180000)
 Metaspace       used 54413K, capacity 55612K, committed 55768K, reserved 1097728K
  class space    used 7294K, capacity 7629K, committed 7680K, reserved 1048576K
}
Event: 55.624 GC heap before
{Heap before GC invocations=15 (full 2):
 PSYoungGen      total 148992K, used 52779K [0x00000000e0000000, 0x00000000ea180000, 0x0000000100000000)
  eden space 138240K, 30% used [0x00000000e0000000,0x00000000e2932a30,0x00000000e8700000)
  from space 10752K, 98% used [0x00000000e9700000,0x00000000ea158530,0x00000000ea180000)
  to   space 13312K, 0% used [0x00000000e8780000,0x00000000e8780000,0x00000000e9480000)
 ParOldGen       total 67072K, used 27970K [0x00000000a0000000, 0x00000000a4180000, 0x00000000e0000000)
  object space 67072K, 41% used [0x00000000a0000000,0x00000000a1b508c0,0x00000000a4180000)
 Metaspace       used 57526K, capacity 58948K, committed 59028K, reserved 1099776K
  class space    used 7779K, capacity 8115K, committed 8192K, reserved 1048576K
Event: 55.641 GC heap after
Heap after GC invocations=15 (full 2):
 PSYoungGen      total 152064K, used 4724K [0x00000000e0000000, 0x00000000ec680000, 0x0000000100000000)
  eden space 138752K, 0% used [0x00000000e0000000,0x00000000e0000000,0x00000000e8780000)
  from space 13312K, 35% used [0x00000000e8780000,0x00000000e8c1d020,0x00000000e9480000)
  to   space 13312K, 0% used [0x00000000eb980000,0x00000000eb980000,0x00000000ec680000)
 ParOldGen       total 67072K, used 31491K [0x00000000a0000000, 0x00000000a4180000, 0x00000000e0000000)
  object space 67072K, 46% used [0x00000000a0000000,0x00000000a1ec0ed8,0x00000000a4180000)
 Metaspace       used 57526K, capacity 58948K, committed 59028K, reserved 1099776K
  class space    used 7779K, capacity 8115K, committed 8192K, reserved 1048576K
}
Event: 55.641 GC heap before
{Heap before GC invocations=16 (full 3):
 PSYoungGen      total 152064K, used 4724K [0x00000000e0000000, 0x00000000ec680000, 0x0000000100000000)
  eden space 138752K, 0% used [0x00000000e0000000,0x00000000e0000000,0x00000000e8780000)
  from space 13312K, 35% used [0x00000000e8780000,0x00000000e8c1d020,0x00000000e9480000)
  to   space 13312K, 0% used [0x00000000eb980000,0x00000000eb980000,0x00000000ec680000)
 ParOldGen       total 67072K, used 31491K [0x00000000a0000000, 0x00000000a4180000, 0x00000000e0000000)
  object space 67072K, 46% used [0x00000000a0000000,0x00000000a1ec0ed8,0x00000000a4180000)
 Metaspace       used 57526K, capacity 58948K, committed 59028K, reserved 1099776K
  class space    used 7779K, capacity 8115K, committed 8192K, reserved 1048576K
Event: 56.044 GC heap after
Heap after GC invocations=16 (full 3):
 PSYoungGen      total 152064K, used 0K [0x00000000e0000000, 0x00000000ec680000, 0x0000000100000000)
  eden space 138752K, 0% used [0x00000000e0000000,0x00000000e0000000,0x00000000e8780000)
  from space 13312K, 0% used [0x00000000e8780000,0x00000000e8780000,0x00000000e9480000)
  to   space 13312K, 0% used [0x00000000eb980000,0x00000000eb980000,0x00000000ec680000)
 ParOldGen       total 97792K, used 29024K [0x00000000a0000000, 0x00000000a5f80000, 0x00000000e0000000)
  object space 97792K, 29% used [0x00000000a0000000,0x00000000a1c583a0,0x00000000a5f80000)
 Metaspace       used 57526K, capacity 58948K, committed 59028K, reserved 1099776K
  class space    used 7779K, capacity 8115K, committed 8192K, reserved 1048576K
}
Event: 152.312 GC heap before
{Heap before GC invocations=17 (full 3):
 PSYoungGen      total 152064K, used 138752K [0x00000000e0000000, 0x00000000ec680000, 0x0000000100000000)
  eden space 138752K, 100% used [0x00000000e0000000,0x00000000e8780000,0x00000000e8780000)
  from space 13312K, 0% used [0x00000000e8780000,0x00000000e8780000,0x00000000e9480000)
  to   space 13312K, 0% used [0x00000000eb980000,0x00000000eb980000,0x00000000ec680000)
 ParOldGen       total 97792K, used 29024K [0x00000000a0000000, 0x00000000a5f80000, 0x00000000e0000000)
  object space 97792K, 29% used [0x00000000a0000000,0x00000000a1c583a0,0x00000000a5f80000)
 Metaspace       used 63549K, capacity 65264K, committed 65368K, reserved 1105920K
  class space    used 8341K, capacity 8753K, committed 8832K, reserved 1048576K
Event: 152.355 GC heap after
Heap after GC invocations=17 (full 3):
 PSYoungGen      total 182272K, used 11593K [0x00000000e0000000, 0x00000000ec500000, 0x0000000100000000)
  eden space 170496K, 0% used [0x00000000e0000000,0x00000000e0000000,0x00000000ea680000)
  from space 11776K, 98% used [0x00000000eb980000,0x00000000ec4d24e0,0x00000000ec500000)
  to   space 14336K, 0% used [0x00000000ea900000,0x00000000ea900000,0x00000000eb700000)
 ParOldGen       total 97792K, used 29032K [0x00000000a0000000, 0x00000000a5f80000, 0x00000000e0000000)
  object space 97792K, 29% used [0x00000000a0000000,0x00000000a1c5a3a0,0x00000000a5f80000)
 Metaspace       used 63549K, capacity 65264K, committed 65368K, reserved 1105920K
  class space    used 8341K, capacity 8753K, committed 8832K, reserved 1048576K
}

