# JRE version: OpenJDK Runtime Environment (8.0_152-b01) (build 1.8.0_152-release-1343-b01)
# Java VM: OpenJDK 64-Bit Server VM (25.152-b01 mixed mode windows-amd64 compressed oops)
Heap:
 PSYoungGen      total 150016K, used 60925K [0x00000000e0000000, 0x00000000eac80000, 0x0000000100000000)
  eden space 140288K, 36% used [0x00000000e0000000,0x00000000e321a278,0x00000000e8900000)
  from space 9728K, 98% used [0x00000000ea300000,0x00000000eac65470,0x00000000eac80000)
  to   space 17408K, 0% used [0x00000000e8a80000,0x00000000e8a80000,0x00000000e9b80000)
 ParOldGen       total 112640K, used 30180K [0x00000000a0000000, 0x00000000a6e00000, 0x00000000e0000000)
  object space 112640K, 26% used [0x00000000a0000000,0x00000000a1d79128,0x00000000a6e00000)
 Metaspace       used 63407K, capacity 65280K, committed 65496K, reserved 1105920K
  class space    used 8477K, capacity 8917K, committed 8960K, reserved 1048576K
GC Heap History (10 events):
Event: 21.356 GC heap before
{Heap before GC invocations=13 (full 2):
 PSYoungGen      total 99328K, used 93696K [0x00000000e0000000, 0x00000000e8500000, 0x0000000100000000)
  eden space 93696K, 100% used [0x00000000e0000000,0x00000000e5b80000,0x00000000e5b80000)
  from space 5632K, 0% used [0x00000000e6680000,0x00000000e6680000,0x00000000e6c00000)
  to   space 11264K, 0% used [0x00000000e5b80000,0x00000000e5b80000,0x00000000e6680000)
 ParOldGen       total 79360K, used 17206K [0x00000000a0000000, 0x00000000a4d80000, 0x00000000e0000000)
  object space 79360K, 21% used [0x00000000a0000000,0x00000000a10cda88,0x00000000a4d80000)
 Metaspace       used 44311K, capacity 45216K, committed 45440K, reserved 1089536K
  class space    used 5958K, capacity 6208K, committed 6272K, reserved 1048576K
Event: 21.378 GC heap after
Heap after GC invocations=13 (full 2):
 PSYoungGen      total 104960K, used 11247K [0x00000000e0000000, 0x00000000e8c80000, 0x0000000100000000)
  eden space 93696K, 0% used [0x00000000e0000000,0x00000000e0000000,0x00000000e5b80000)
  from space 11264K, 99% used [0x00000000e5b80000,0x00000000e667bc10,0x00000000e6680000)
  to   space 13312K, 0% used [0x00000000e7f80000,0x00000000e7f80000,0x00000000e8c80000)
 ParOldGen       total 79360K, used 19213K [0x00000000a0000000, 0x00000000a4d80000, 0x00000000e0000000)
  object space 79360K, 24% used [0x00000000a0000000,0x00000000a12c3798,0x00000000a4d80000)
 Metaspace       used 44311K, capacity 45216K, committed 45440K, reserved 1089536K
  class space    used 5958K, capacity 6208K, committed 6272K, reserved 1048576K
}
Event: 26.940 GC heap before
{Heap before GC invocations=14 (full 2):
 PSYoungGen      total 104960K, used 104943K [0x00000000e0000000, 0x00000000e8c80000, 0x0000000100000000)
  eden space 93696K, 100% used [0x00000000e0000000,0x00000000e5b80000,0x00000000e5b80000)
  from space 11264K, 99% used [0x00000000e5b80000,0x00000000e667bc10,0x00000000e6680000)
  to   space 13312K, 0% used [0x00000000e7f80000,0x00000000e7f80000,0x00000000e8c80000)
 ParOldGen       total 79360K, used 19213K [0x00000000a0000000, 0x00000000a4d80000, 0x00000000e0000000)
  object space 79360K, 24% used [0x00000000a0000000,0x00000000a12c3798,0x00000000a4d80000)
 Metaspace       used 53027K, capacity 54306K, committed 54656K, reserved 1095680K
  class space    used 7107K, capacity 7432K, committed 7552K, reserved 1048576K
Event: 26.967 GC heap after
Heap after GC invocations=14 (full 2):
 PSYoungGen      total 128000K, used 13310K [0x00000000e0000000, 0x00000000e8f80000, 0x0000000100000000)
  eden space 114688K, 0% used [0x00000000e0000000,0x00000000e0000000,0x00000000e7000000)
  from space 13312K, 99% used [0x00000000e7f80000,0x00000000e8c7f828,0x00000000e8c80000)
  to   space 15872K, 0% used [0x00000000e7000000,0x00000000e7000000,0x00000000e7f80000)
 ParOldGen       total 79360K, used 21002K [0x00000000a0000000, 0x00000000a4d80000, 0x00000000e0000000)
  object space 79360K, 26% used [0x00000000a0000000,0x00000000a1482838,0x00000000a4d80000)
 Metaspace       used 53027K, capacity 54306K, committed 54656K, reserved 1095680K
  class space    used 7107K, capacity 7432K, committed 7552K, reserved 1048576K
}
Event: 28.764 GC heap before
{Heap before GC invocations=15 (full 2):
 PSYoungGen      total 128000K, used 72646K [0x00000000e0000000, 0x00000000e8f80000, 0x0000000100000000)
  eden space 114688K, 51% used [0x00000000e0000000,0x00000000e39f22b8,0x00000000e7000000)
  from space 13312K, 99% used [0x00000000e7f80000,0x00000000e8c7f828,0x00000000e8c80000)
  to   space 15872K, 0% used [0x00000000e7000000,0x00000000e7000000,0x00000000e7f80000)
 ParOldGen       total 79360K, used 21002K [0x00000000a0000000, 0x00000000a4d80000, 0x00000000e0000000)
  object space 79360K, 26% used [0x00000000a0000000,0x00000000a1482838,0x00000000a4d80000)
 Metaspace       used 57527K, capacity 58994K, committed 59096K, reserved 1099776K
  class space    used 7752K, capacity 8140K, committed 8192K, reserved 1048576K
Event: 28.820 GC heap after
Heap after GC invocations=15 (full 2):
 PSYoungGen      total 130560K, used 15864K [0x00000000e0000000, 0x00000000eb480000, 0x0000000100000000)
  eden space 114688K, 0% used [0x00000000e0000000,0x00000000e0000000,0x00000000e7000000)
  from space 15872K, 99% used [0x00000000e7000000,0x00000000e7f7e340,0x00000000e7f80000)
  to   space 17920K, 0% used [0x00000000ea300000,0x00000000ea300000,0x00000000eb480000)
 ParOldGen       total 79360K, used 21527K [0x00000000a0000000, 0x00000000a4d80000, 0x00000000e0000000)
  object space 79360K, 27% used [0x00000000a0000000,0x00000000a1505da8,0x00000000a4d80000)
 Metaspace       used 57527K, capacity 58994K, committed 59096K, reserved 1099776K
  class space    used 7752K, capacity 8140K, committed 8192K, reserved 1048576K
}
Event: 28.820 GC heap before
{Heap before GC invocations=16 (full 3):
 PSYoungGen      total 130560K, used 15864K [0x00000000e0000000, 0x00000000eb480000, 0x0000000100000000)
  eden space 114688K, 0% used [0x00000000e0000000,0x00000000e0000000,0x00000000e7000000)
  from space 15872K, 99% used [0x00000000e7000000,0x00000000e7f7e340,0x00000000e7f80000)
  to   space 17920K, 0% used [0x00000000ea300000,0x00000000ea300000,0x00000000eb480000)
 ParOldGen       total 79360K, used 21527K [0x00000000a0000000, 0x00000000a4d80000, 0x00000000e0000000)
  object space 79360K, 27% used [0x00000000a0000000,0x00000000a1505da8,0x00000000a4d80000)
 Metaspace       used 57527K, capacity 58994K, committed 59096K, reserved 1099776K
  class space    used 7752K, capacity 8140K, committed 8192K, reserved 1048576K
Event: 29.206 GC heap after
Heap after GC invocations=16 (full 3):
 PSYoungGen      total 130560K, used 0K [0x00000000e0000000, 0x00000000eb480000, 0x0000000100000000)
  eden space 114688K, 0% used [0x00000000e0000000,0x00000000e0000000,0x00000000e7000000)
  from space 15872K, 0% used [0x00000000e7000000,0x00000000e7000000,0x00000000e7f80000)
  to   space 17920K, 0% used [0x00000000ea300000,0x00000000ea300000,0x00000000eb480000)
 ParOldGen       total 112640K, used 30180K [0x00000000a0000000, 0x00000000a6e00000, 0x00000000e0000000)
  object space 112640K, 26% used [0x00000000a0000000,0x00000000a1d79128,0x00000000a6e00000)
 Metaspace       used 57527K, capacity 58994K, committed 59096K, reserved 1099776K
  class space    used 7752K, capacity 8140K, committed 8192K, reserved 1048576K
}
Event: 38.481 GC heap before
{Heap before GC invocations=17 (full 3):
 PSYoungGen      total 130560K, used 114688K [0x00000000e0000000, 0x00000000eb480000, 0x0000000100000000)
  eden space 114688K, 100% used [0x00000000e0000000,0x00000000e7000000,0x00000000e7000000)
  from space 15872K, 0% used [0x00000000e7000000,0x00000000e7000000,0x00000000e7f80000)
  to   space 17920K, 0% used [0x00000000ea300000,0x00000000ea300000,0x00000000eb480000)
 ParOldGen       total 112640K, used 30180K [0x00000000a0000000, 0x00000000a6e00000, 0x00000000e0000000)
  object space 112640K, 26% used [0x00000000a0000000,0x00000000a1d79128,0x00000000a6e00000)
 Metaspace       used 61867K, capacity 63742K, committed 63832K, reserved 1103872K
  class space    used 8337K, capacity 8788K, committed 8832K, reserved 1048576K
Event: 38.519 GC heap after
Heap after GC invocations=17 (full 3):
 PSYoungGen      total 150016K, used 9621K [0x00000000e0000000, 0x00000000eac80000, 0x0000000100000000)
  eden space 140288K, 0% used [0x00000000e0000000,0x00000000e0000000,0x00000000e8900000)
  from space 9728K, 98% used [0x00000000ea300000,0x00000000eac65470,0x00000000eac80000)
  to   space 17408K, 0% used [0x00000000e8a80000,0x00000000e8a80000,0x00000000e9b80000)
 ParOldGen       total 112640K, used 30180K [0x00000000a0000000, 0x00000000a6e00000, 0x00000000e0000000)
  object space 112640K, 26% used [0x00000000a0000000,0x00000000a1d79128,0x00000000a6e00000)
 Metaspace       used 61867K, capacity 63742K, committed 63832K, reserved 1103872K
  class space    used 8337K, capacity 8788K, committed 8832K, reserved 1048576K
}

