# JRE version: OpenJDK Runtime Environment (8.0_152-b01) (build 1.8.0_152-release-1343-b01)
# Java VM: OpenJDK 64-Bit Server VM (25.152-b01 mixed mode windows-amd64 compressed oops)
Heap:
 PSYoungGen      total 241152K, used 40351K [0x00000000e0000000, 0x00000000f0800000, 0x0000000100000000)
  eden space 212992K, 14% used [0x00000000e0000000,0x00000000e1d6f2d8,0x00000000ed000000)
  from space 28160K, 36% used [0x00000000ed000000,0x00000000ed9f8b90,0x00000000eeb80000)
  to   space 23040K, 0% used [0x00000000eeb80000,0x00000000eeb80000,0x00000000f0200000)
 ParOldGen       total 119296K, used 61279K [0x00000000a0000000, 0x00000000a7480000, 0x00000000e0000000)
  object space 119296K, 51% used [0x00000000a0000000,0x00000000a3bd7e60,0x00000000a7480000)
 Metaspace       used 72421K, capacity 75262K, committed 75520K, reserved 1114112K
  class space    used 9545K, capacity 10168K, committed 10240K, reserved 1048576K
GC Heap History (10 events):
Event: 14.368 GC heap before
{Heap before GC invocations=12 (full 2):
 PSYoungGen      total 161280K, used 115226K [0x00000000e0000000, 0x00000000ed700000, 0x0000000100000000)
  eden space 147456K, 68% used [0x00000000e0000000,0x00000000e630a718,0x00000000e9000000)
  from space 13824K, 99% used [0x00000000e9000000,0x00000000e9d7c280,0x00000000e9d80000)
  to   space 17920K, 0% used [0x00000000ec580000,0x00000000ec580000,0x00000000ed700000)
 ParOldGen       total 81408K, used 24517K [0x00000000a0000000, 0x00000000a4f80000, 0x00000000e0000000)
  object space 81408K, 30% used [0x00000000a0000000,0x00000000a17f1460,0x00000000a4f80000)
 Metaspace       used 57458K, capacity 59060K, committed 59136K, reserved 1099776K
  class space    used 7753K, capacity 8179K, committed 8192K, reserved 1048576K
Event: 14.404 GC heap after
Heap after GC invocations=12 (full 2):
 PSYoungGen      total 199168K, used 17913K [0x00000000e0000000, 0x00000000ee080000, 0x0000000100000000)
  eden space 181248K, 0% used [0x00000000e0000000,0x00000000e0000000,0x00000000eb100000)
  from space 17920K, 99% used [0x00000000ec580000,0x00000000ed6fe788,0x00000000ed700000)
  to   space 20992K, 0% used [0x00000000eb100000,0x00000000eb100000,0x00000000ec580000)
 ParOldGen       total 81408K, used 25520K [0x00000000a0000000, 0x00000000a4f80000, 0x00000000e0000000)
  object space 81408K, 31% used [0x00000000a0000000,0x00000000a18ec308,0x00000000a4f80000)
 Metaspace       used 57458K, capacity 59060K, committed 59136K, reserved 1099776K
  class space    used 7753K, capacity 8179K, committed 8192K, reserved 1048576K
}
Event: 14.404 GC heap before
{Heap before GC invocations=13 (full 3):
 PSYoungGen      total 199168K, used 17913K [0x00000000e0000000, 0x00000000ee080000, 0x0000000100000000)
  eden space 181248K, 0% used [0x00000000e0000000,0x00000000e0000000,0x00000000eb100000)
  from space 17920K, 99% used [0x00000000ec580000,0x00000000ed6fe788,0x00000000ed700000)
  to   space 20992K, 0% used [0x00000000eb100000,0x00000000eb100000,0x00000000ec580000)
 ParOldGen       total 81408K, used 25520K [0x00000000a0000000, 0x00000000a4f80000, 0x00000000e0000000)
  object space 81408K, 31% used [0x00000000a0000000,0x00000000a18ec308,0x00000000a4f80000)
 Metaspace       used 57458K, capacity 59060K, committed 59136K, reserved 1099776K
  class space    used 7753K, capacity 8179K, committed 8192K, reserved 1048576K
Event: 14.682 GC heap after
Heap after GC invocations=13 (full 3):
 PSYoungGen      total 199168K, used 0K [0x00000000e0000000, 0x00000000ee080000, 0x0000000100000000)
  eden space 181248K, 0% used [0x00000000e0000000,0x00000000e0000000,0x00000000eb100000)
  from space 17920K, 0% used [0x00000000ec580000,0x00000000ec580000,0x00000000ed700000)
  to   space 20992K, 0% used [0x00000000eb100000,0x00000000eb100000,0x00000000ec580000)
 ParOldGen       total 119296K, used 34122K [0x00000000a0000000, 0x00000000a7480000, 0x00000000e0000000)
  object space 119296K, 28% used [0x00000000a0000000,0x00000000a2152990,0x00000000a7480000)
 Metaspace       used 57458K, capacity 59060K, committed 59136K, reserved 1099776K
  class space    used 7753K, capacity 8179K, committed 8192K, reserved 1048576K
}
Event: 18.127 GC heap before
{Heap before GC invocations=14 (full 3):
 PSYoungGen      total 199168K, used 181248K [0x00000000e0000000, 0x00000000ee080000, 0x0000000100000000)
  eden space 181248K, 100% used [0x00000000e0000000,0x00000000eb100000,0x00000000eb100000)
  from space 17920K, 0% used [0x00000000ec580000,0x00000000ec580000,0x00000000ed700000)
  to   space 20992K, 0% used [0x00000000eb100000,0x00000000eb100000,0x00000000ec580000)
 ParOldGen       total 119296K, used 34122K [0x00000000a0000000, 0x00000000a7480000, 0x00000000e0000000)
  object space 119296K, 28% used [0x00000000a0000000,0x00000000a2152990,0x00000000a7480000)
 Metaspace       used 61949K, capacity 63898K, committed 64000K, reserved 1103872K
  class space    used 8442K, capacity 8925K, committed 8960K, reserved 1048576K
Event: 18.187 GC heap after
Heap after GC invocations=14 (full 3):
 PSYoungGen      total 202240K, used 17779K [0x00000000e0000000, 0x00000000f0200000, 0x0000000100000000)
  eden space 181248K, 0% used [0x00000000e0000000,0x00000000e0000000,0x00000000eb100000)
  from space 20992K, 84% used [0x00000000eb100000,0x00000000ec25ccf8,0x00000000ec580000)
  to   space 23040K, 0% used [0x00000000eeb80000,0x00000000eeb80000,0x00000000f0200000)
 ParOldGen       total 119296K, used 34130K [0x00000000a0000000, 0x00000000a7480000, 0x00000000e0000000)
  object space 119296K, 28% used [0x00000000a0000000,0x00000000a2154990,0x00000000a7480000)
 Metaspace       used 61949K, capacity 63898K, committed 64000K, reserved 1103872K
  class space    used 8442K, capacity 8925K, committed 8960K, reserved 1048576K
}
Event: 26.021 GC heap before
{Heap before GC invocations=15 (full 3):
 PSYoungGen      total 202240K, used 199027K [0x00000000e0000000, 0x00000000f0200000, 0x0000000100000000)
  eden space 181248K, 100% used [0x00000000e0000000,0x00000000eb100000,0x00000000eb100000)
  from space 20992K, 84% used [0x00000000eb100000,0x00000000ec25ccf8,0x00000000ec580000)
  to   space 23040K, 0% used [0x00000000eeb80000,0x00000000eeb80000,0x00000000f0200000)
 ParOldGen       total 119296K, used 34130K [0x00000000a0000000, 0x00000000a7480000, 0x00000000e0000000)
  object space 119296K, 28% used [0x00000000a0000000,0x00000000a2154990,0x00000000a7480000)
 Metaspace       used 68469K, capacity 71008K, committed 71168K, reserved 1110016K
  class space    used 9077K, capacity 9665K, committed 9728K, reserved 1048576K
Event: 26.068 GC heap after
Heap after GC invocations=15 (full 3):
 PSYoungGen      total 236032K, used 23038K [0x00000000e0000000, 0x00000000f0800000, 0x0000000100000000)
  eden space 212992K, 0% used [0x00000000e0000000,0x00000000e0000000,0x00000000ed000000)
  from space 23040K, 99% used [0x00000000eeb80000,0x00000000f01ffb50,0x00000000f0200000)
  to   space 28160K, 0% used [0x00000000ed000000,0x00000000ed000000,0x00000000eeb80000)
 ParOldGen       total 119296K, used 39564K [0x00000000a0000000, 0x00000000a7480000, 0x00000000e0000000)
  object space 119296K, 33% used [0x00000000a0000000,0x00000000a26a3228,0x00000000a7480000)
 Metaspace       used 68469K, capacity 71008K, committed 71168K, reserved 1110016K
  class space    used 9077K, capacity 9665K, committed 9728K, reserved 1048576K
}
Event: 60.503 GC heap before
{Heap before GC invocations=16 (full 3):
 PSYoungGen      total 236032K, used 236030K [0x00000000e0000000, 0x00000000f0800000, 0x0000000100000000)
  eden space 212992K, 100% used [0x00000000e0000000,0x00000000ed000000,0x00000000ed000000)
  from space 23040K, 99% used [0x00000000eeb80000,0x00000000f01ffb50,0x00000000f0200000)
  to   space 28160K, 0% used [0x00000000ed000000,0x00000000ed000000,0x00000000eeb80000)
 ParOldGen       total 119296K, used 39564K [0x00000000a0000000, 0x00000000a7480000, 0x00000000e0000000)
  object space 119296K, 33% used [0x00000000a0000000,0x00000000a26a3228,0x00000000a7480000)
 Metaspace       used 72418K, capacity 75262K, committed 75520K, reserved 1114112K
  class space    used 9544K, capacity 10168K, committed 10240K, reserved 1048576K
Event: 60.601 GC heap after
Heap after GC invocations=16 (full 3):
 PSYoungGen      total 241152K, used 10210K [0x00000000e0000000, 0x00000000f0800000, 0x0000000100000000)
  eden space 212992K, 0% used [0x00000000e0000000,0x00000000e0000000,0x00000000ed000000)
  from space 28160K, 36% used [0x00000000ed000000,0x00000000ed9f8b90,0x00000000eeb80000)
  to   space 23040K, 0% used [0x00000000eeb80000,0x00000000eeb80000,0x00000000f0200000)
 ParOldGen       total 119296K, used 61279K [0x00000000a0000000, 0x00000000a7480000, 0x00000000e0000000)
  object space 119296K, 51% used [0x00000000a0000000,0x00000000a3bd7e60,0x00000000a7480000)
 Metaspace       used 72418K, capacity 75262K, committed 75520K, reserved 1114112K
  class space    used 9544K, capacity 10168K, committed 10240K, reserved 1048576K
}

