# JRE version: OpenJDK Runtime Environment (8.0_152-b01) (build 1.8.0_152-release-1343-b01)
# Java VM: OpenJDK 64-Bit Server VM (25.152-b01 mixed mode windows-amd64 compressed oops)
Heap:
 PSYoungGen      total 186368K, used 71455K [0x00000000e0000000, 0x00000000ed400000, 0x0000000100000000)
  eden space 173056K, 33% used [0x00000000e0000000,0x00000000e38cbcb0,0x00000000ea900000)
  from space 13312K, 99% used [0x00000000ec700000,0x00000000ed3fbfd0,0x00000000ed400000)
  to   space 15872K, 0% used [0x00000000eb500000,0x00000000eb500000,0x00000000ec480000)
 ParOldGen       total 70144K, used 30746K [0x00000000a0000000, 0x00000000a4480000, 0x00000000e0000000)
  object space 70144K, 43% used [0x00000000a0000000,0x00000000a1e068c8,0x00000000a4480000)
 Metaspace       used 64795K, capacity 66650K, committed 66712K, reserved 1107968K
  class space    used 8615K, capacity 9062K, committed 9112K, reserved 1048576K
GC Heap History (10 events):
Event: 16.444 GC heap before
{Heap before GC invocations=13 (full 2):
 PSYoungGen      total 121856K, used 111616K [0x00000000e0000000, 0x00000000e9380000, 0x0000000100000000)
  eden space 111616K, 100% used [0x00000000e0000000,0x00000000e6d00000,0x00000000e6d00000)
  from space 10240K, 0% used [0x00000000e7700000,0x00000000e7700000,0x00000000e8100000)
  to   space 10240K, 0% used [0x00000000e6d00000,0x00000000e6d00000,0x00000000e7700000)
 ParOldGen       total 70144K, used 16748K [0x00000000a0000000, 0x00000000a4480000, 0x00000000e0000000)
  object space 70144K, 23% used [0x00000000a0000000,0x00000000a105b228,0x00000000a4480000)
 Metaspace       used 45382K, capacity 46378K, committed 46632K, reserved 1089536K
  class space    used 6122K, capacity 6378K, committed 6440K, reserved 1048576K
Event: 16.475 GC heap after
Heap after GC invocations=13 (full 2):
 PSYoungGen      total 121856K, used 10237K [0x00000000e0000000, 0x00000000ea500000, 0x0000000100000000)
  eden space 111616K, 0% used [0x00000000e0000000,0x00000000e0000000,0x00000000e6d00000)
  from space 10240K, 99% used [0x00000000e6d00000,0x00000000e76ff5e0,0x00000000e7700000)
  to   space 12800K, 0% used [0x00000000e9880000,0x00000000e9880000,0x00000000ea500000)
 ParOldGen       total 70144K, used 21050K [0x00000000a0000000, 0x00000000a4480000, 0x00000000e0000000)
  object space 70144K, 30% used [0x00000000a0000000,0x00000000a148e9d0,0x00000000a4480000)
 Metaspace       used 45382K, capacity 46378K, committed 46632K, reserved 1089536K
  class space    used 6122K, capacity 6378K, committed 6440K, reserved 1048576K
}
Event: 18.723 GC heap before
{Heap before GC invocations=14 (full 2):
 PSYoungGen      total 121856K, used 121853K [0x00000000e0000000, 0x00000000ea500000, 0x0000000100000000)
  eden space 111616K, 100% used [0x00000000e0000000,0x00000000e6d00000,0x00000000e6d00000)
  from space 10240K, 99% used [0x00000000e6d00000,0x00000000e76ff5e0,0x00000000e7700000)
  to   space 12800K, 0% used [0x00000000e9880000,0x00000000e9880000,0x00000000ea500000)
 ParOldGen       total 70144K, used 21050K [0x00000000a0000000, 0x00000000a4480000, 0x00000000e0000000)
  object space 70144K, 30% used [0x00000000a0000000,0x00000000a148e9d0,0x00000000a4480000)
 Metaspace       used 55292K, capacity 56610K, committed 56744K, reserved 1097728K
  class space    used 7410K, capacity 7752K, committed 7848K, reserved 1048576K
Event: 18.753 GC heap after
Heap after GC invocations=14 (full 2):
 PSYoungGen      total 155136K, used 10948K [0x00000000e0000000, 0x00000000ea700000, 0x0000000100000000)
  eden space 142336K, 0% used [0x00000000e0000000,0x00000000e0000000,0x00000000e8b00000)
  from space 12800K, 85% used [0x00000000e9880000,0x00000000ea331270,0x00000000ea500000)
  to   space 13824K, 0% used [0x00000000e8b00000,0x00000000e8b00000,0x00000000e9880000)
 ParOldGen       total 70144K, used 28318K [0x00000000a0000000, 0x00000000a4480000, 0x00000000e0000000)
  object space 70144K, 40% used [0x00000000a0000000,0x00000000a1ba7818,0x00000000a4480000)
 Metaspace       used 55292K, capacity 56610K, committed 56744K, reserved 1097728K
  class space    used 7410K, capacity 7752K, committed 7848K, reserved 1048576K
}
Event: 19.574 GC heap before
{Heap before GC invocations=15 (full 2):
 PSYoungGen      total 155136K, used 38968K [0x00000000e0000000, 0x00000000ea700000, 0x0000000100000000)
  eden space 142336K, 19% used [0x00000000e0000000,0x00000000e1b5cf58,0x00000000e8b00000)
  from space 12800K, 85% used [0x00000000e9880000,0x00000000ea331270,0x00000000ea500000)
  to   space 13824K, 0% used [0x00000000e8b00000,0x00000000e8b00000,0x00000000e9880000)
 ParOldGen       total 70144K, used 28318K [0x00000000a0000000, 0x00000000a4480000, 0x00000000e0000000)
  object space 70144K, 40% used [0x00000000a0000000,0x00000000a1ba7818,0x00000000a4480000)
 Metaspace       used 57599K, capacity 59054K, committed 59160K, reserved 1099776K
  class space    used 7772K, capacity 8140K, committed 8216K, reserved 1048576K
Event: 19.605 GC heap after
Heap after GC invocations=15 (full 2):
 PSYoungGen      total 156160K, used 6532K [0x00000000e0000000, 0x00000000ed400000, 0x0000000100000000)
  eden space 142336K, 0% used [0x00000000e0000000,0x00000000e0000000,0x00000000e8b00000)
  from space 13824K, 47% used [0x00000000e8b00000,0x00000000e9161110,0x00000000e9880000)
  to   space 13312K, 0% used [0x00000000ec700000,0x00000000ec700000,0x00000000ed400000)
 ParOldGen       total 70144K, used 28326K [0x00000000a0000000, 0x00000000a4480000, 0x00000000e0000000)
  object space 70144K, 40% used [0x00000000a0000000,0x00000000a1ba9818,0x00000000a4480000)
 Metaspace       used 57599K, capacity 59054K, committed 59160K, reserved 1099776K
  class space    used 7772K, capacity 8140K, committed 8216K, reserved 1048576K
}
Event: 19.605 GC heap before
{Heap before GC invocations=16 (full 3):
 PSYoungGen      total 156160K, used 6532K [0x00000000e0000000, 0x00000000ed400000, 0x0000000100000000)
  eden space 142336K, 0% used [0x00000000e0000000,0x00000000e0000000,0x00000000e8b00000)
  from space 13824K, 47% used [0x00000000e8b00000,0x00000000e9161110,0x00000000e9880000)
  to   space 13312K, 0% used [0x00000000ec700000,0x00000000ec700000,0x00000000ed400000)
 ParOldGen       total 70144K, used 28326K [0x00000000a0000000, 0x00000000a4480000, 0x00000000e0000000)
  object space 70144K, 40% used [0x00000000a0000000,0x00000000a1ba9818,0x00000000a4480000)
 Metaspace       used 57599K, capacity 59054K, committed 59160K, reserved 1099776K
  class space    used 7772K, capacity 8140K, committed 8216K, reserved 1048576K
Event: 20.044 GC heap after
Heap after GC invocations=16 (full 3):
 PSYoungGen      total 156160K, used 0K [0x00000000e0000000, 0x00000000ed400000, 0x0000000100000000)
  eden space 142336K, 0% used [0x00000000e0000000,0x00000000e0000000,0x00000000e8b00000)
  from space 13824K, 0% used [0x00000000e8b00000,0x00000000e8b00000,0x00000000e9880000)
  to   space 13312K, 0% used [0x00000000ec700000,0x00000000ec700000,0x00000000ed400000)
 ParOldGen       total 70144K, used 27742K [0x00000000a0000000, 0x00000000a4480000, 0x00000000e0000000)
  object space 70144K, 39% used [0x00000000a0000000,0x00000000a1b17808,0x00000000a4480000)
 Metaspace       used 57599K, capacity 59054K, committed 59160K, reserved 1099776K
  class space    used 7772K, capacity 8140K, committed 8216K, reserved 1048576K
}
Event: 26.209 GC heap before
{Heap before GC invocations=17 (full 3):
 PSYoungGen      total 156160K, used 142336K [0x00000000e0000000, 0x00000000ed400000, 0x0000000100000000)
  eden space 142336K, 100% used [0x00000000e0000000,0x00000000e8b00000,0x00000000e8b00000)
  from space 13824K, 0% used [0x00000000e8b00000,0x00000000e8b00000,0x00000000e9880000)
  to   space 13312K, 0% used [0x00000000ec700000,0x00000000ec700000,0x00000000ed400000)
 ParOldGen       total 70144K, used 27742K [0x00000000a0000000, 0x00000000a4480000, 0x00000000e0000000)
  object space 70144K, 39% used [0x00000000a0000000,0x00000000a1b17808,0x00000000a4480000)
 Metaspace       used 61855K, capacity 63664K, committed 63896K, reserved 1103872K
  class space    used 8319K, capacity 8771K, committed 8856K, reserved 1048576K
Event: 26.263 GC heap after
Heap after GC invocations=17 (full 3):
 PSYoungGen      total 186368K, used 13295K [0x00000000e0000000, 0x00000000ed400000, 0x0000000100000000)
  eden space 173056K, 0% used [0x00000000e0000000,0x00000000e0000000,0x00000000ea900000)
  from space 13312K, 99% used [0x00000000ec700000,0x00000000ed3fbfd0,0x00000000ed400000)
  to   space 15872K, 0% used [0x00000000eb500000,0x00000000eb500000,0x00000000ec480000)
 ParOldGen       total 70144K, used 30746K [0x00000000a0000000, 0x00000000a4480000, 0x00000000e0000000)
  object space 70144K, 43% used [0x00000000a0000000,0x00000000a1e068c8,0x00000000a4480000)
 Metaspace       used 61855K, capacity 63664K, committed 63896K, reserved 1103872K
  class space    used 8319K, capacity 8771K, committed 8856K, reserved 1048576K
}

